Removed Pin From Net: NetName=LIMIT_LED_1 Pin=R18-2
Removed Pin From Net: NetName=LIMIT_LED_2 Pin=R20-2
Removed Pin From Net: NetName=LIMIT_LED_3 Pin=R21-2
Removed Pin From Net: NetName=LIMIT_LED_4 Pin=R23-2
Removed Pin From Net: NetName=LIMIT_SIG_1 Pin=R24-1
Removed Pin From Net: NetName=LIMIT_SIG_2 Pin=R25-1
Removed Pin From Net: NetName=LIMIT_SIG_3 Pin=R26-1
Removed Pin From Net: NetName=LIMIT_SIG_4 Pin=R27-1
Removed Pin From Net: NetName=LIMIT_SIG_4 Pin=U11-9
Removed Pin From Net: NetName=LIMIT_SIG_3 Pin=U11-11
Removed Pin From Net: NetName=LIMIT_SIG_2 Pin=U11-13
Removed Pin From Net: NetName=LIMIT_SIG_1 Pin=U11-15
Change Component Footprint: Designator=C1 Old Footprint=chip_0603 New Footprint=chip_0603
Change Component Footprint: Designator=C2 Old Footprint=chip_0603 New Footprint=chip_0603
Change Component Footprint: Designator=C3 Old Footprint=chip_0603 New Footprint=chip_0603
Change Component Footprint: Designator=C5 Old Footprint=chip_0603 New Footprint=chip_0603
Change Component Footprint: Designator=C6 Old Footprint=chip_0603 New Footprint=chip_0603
Change Component Footprint: Designator=C7 Old Footprint=chip_0603 New Footprint=chip_0603
Change Component Footprint: Designator=C8 Old Footprint=chip_0603 New Footprint=chip_0603
Change Component Footprint: Designator=C9 Old Footprint=chip_0603 New Footprint=chip_0603
Change Component Footprint: Designator=C10 Old Footprint=chip_0603 New Footprint=chip_0603
Change Component Footprint: Designator=C11 Old Footprint=chip_0603 New Footprint=chip_0603
Change Component Footprint: Designator=C13 Old Footprint=chip_0603 New Footprint=chip_0603
Change Component Footprint: Designator=C14 Old Footprint=chip_0603 New Footprint=chip_0603
Change Component Footprint: Designator=C15 Old Footprint=chip_0603 New Footprint=chip_0603
Change Component Footprint: Designator=C16 Old Footprint=chip_0603 New Footprint=chip_0603
Change Component Footprint: Designator=C17 Old Footprint=chip_0603 New Footprint=chip_0603
Change Component Footprint: Designator=C18 Old Footprint=chip_0603 New Footprint=chip_0603
Change Component Footprint: Designator=C19 Old Footprint=chip_0603 New Footprint=chip_0603
Change Component Footprint: Designator=C20 Old Footprint=chip_0603 New Footprint=chip_0603
Change Component Footprint: Designator=C21 Old Footprint=chip_0603 New Footprint=chip_0603
Change Component Footprint: Designator=C22 Old Footprint=chip_0603 New Footprint=chip_0603
Change Component Footprint: Designator=C23 Old Footprint=chip_0603 New Footprint=chip_0603
Change Component Footprint: Designator=C24 Old Footprint=chip_0603 New Footprint=chip_0603
Change Component Footprint: Designator=C25 Old Footprint=chip_0603 New Footprint=chip_0603
Change Component Footprint: Designator=C26 Old Footprint=chip_0603 New Footprint=chip_0603
Change Component Footprint: Designator=C30 Old Footprint=chip_0603 New Footprint=chip_0603
Change Component Footprint: Designator=C31 Old Footprint=chip_0603 New Footprint=chip_0603
Change Component Footprint: Designator=C35 Old Footprint=chip_0603 New Footprint=chip_0603
Change Component Footprint: Designator=C36 Old Footprint=chip_0603 New Footprint=chip_0603
Change Component Footprint: Designator=C41 Old Footprint=chip_0603 New Footprint=chip_0603
Change Component Footprint: Designator=D3 Old Footprint=chip_0603 New Footprint=chip_0603
Change Component Footprint: Designator=R1 Old Footprint=chip_0603 New Footprint=chip_0603
Change Component Footprint: Designator=R2 Old Footprint=chip_0603 New Footprint=chip_0603
Change Component Footprint: Designator=R3 Old Footprint=chip_0603 New Footprint=chip_0603
Change Component Footprint: Designator=R4 Old Footprint=chip_0603 New Footprint=chip_0603
Change Component Footprint: Designator=R5 Old Footprint=chip_0603 New Footprint=chip_0603
Change Component Footprint: Designator=R6 Old Footprint=chip_0603 New Footprint=chip_0603
Change Component Footprint: Designator=R7 Old Footprint=chip_0603 New Footprint=chip_0603
Change Component Footprint: Designator=R8 Old Footprint=chip_0603 New Footprint=chip_0603
Change Component Footprint: Designator=R9 Old Footprint=chip_0603 New Footprint=chip_0603
Change Component Footprint: Designator=R10 Old Footprint=chip_0603 New Footprint=chip_0603
Change Component Footprint: Designator=R11 Old Footprint=chip_0603 New Footprint=chip_0603
Change Component Footprint: Designator=R12 Old Footprint=chip_0603 New Footprint=chip_0603
Change Component Footprint: Designator=R13 Old Footprint=chip_0603 New Footprint=chip_0603
Change Component Footprint: Designator=R14 Old Footprint=chip_0603 New Footprint=chip_0603
Change Component Footprint: Designator=R15 Old Footprint=chip_0603 New Footprint=chip_0603
Change Component Footprint: Designator=R16 Old Footprint=chip_0603 New Footprint=chip_0603
Change Component Footprint: Designator=R17 Old Footprint=chip_0603 New Footprint=chip_0603
Change Component Footprint: Designator=R18 Old Footprint=chip_0603 New Footprint=chip_0603
Change Component Footprint: Designator=R20 Old Footprint=chip_0603 New Footprint=chip_0603
Change Component Footprint: Designator=R21 Old Footprint=chip_0603 New Footprint=chip_0603
Change Component Footprint: Designator=R23 Old Footprint=chip_0603 New Footprint=chip_0603
Change Component Footprint: Designator=R24 Old Footprint=chip_0603 New Footprint=chip_0603
Change Component Footprint: Designator=R25 Old Footprint=chip_0603 New Footprint=chip_0603
Change Component Footprint: Designator=R26 Old Footprint=chip_0603 New Footprint=chip_0603
Change Component Footprint: Designator=R27 Old Footprint=chip_0603 New Footprint=chip_0603
Change Component Footprint: Designator=R28 Old Footprint=chip_0603 New Footprint=chip_0603
Change Component Footprint: Designator=R29 Old Footprint=chip_0603 New Footprint=chip_0603
Change Component Footprint: Designator=R30 Old Footprint=chip_0603 New Footprint=chip_0603
Change Component Footprint: Designator=R31 Old Footprint=chip_0603 New Footprint=chip_0603
Change Component Footprint: Designator=R32 Old Footprint=chip_0603 New Footprint=chip_0603
Change Component Footprint: Designator=R33 Old Footprint=chip_0603 New Footprint=chip_0603
Change Component Footprint: Designator=R34 Old Footprint=chip_0603 New Footprint=chip_0603
Change Component Footprint: Designator=R36 Old Footprint=chip_0603 New Footprint=chip_0603
Change Component Footprint: Designator=R37 Old Footprint=chip_0603 New Footprint=chip_0603
Change Component Footprint: Designator=R38 Old Footprint=chip_0603 New Footprint=chip_0603
Change Component Footprint: Designator=R39 Old Footprint=chip_0603 New Footprint=chip_0603
Change Component Footprint: Designator=R40 Old Footprint=chip_0603 New Footprint=chip_0603
Change Component Footprint: Designator=R41 Old Footprint=chip_0603 New Footprint=chip_0603
Change Component Footprint: Designator=C4 Old Footprint=chip_0805 New Footprint=chip_0805
Change Component Footprint: Designator=C12 Old Footprint=chip_0805 New Footprint=chip_0805
Change Component Footprint: Designator=C29 Old Footprint=chip_0805 New Footprint=chip_0805
Change Component Footprint: Designator=C37 Old Footprint=chip_0805 New Footprint=chip_0805
Change Component Footprint: Designator=C38 Old Footprint=chip_0805 New Footprint=chip_0805
Change Component Footprint: Designator=R19 Old Footprint=chip_0805 New Footprint=chip_0805
Change Component Footprint: Designator=R22 Old Footprint=chip_0805 New Footprint=chip_0805
Change Component Footprint: Designator=R35 Old Footprint=chip_0805 New Footprint=chip_0805
Change Component Footprint: Designator=R42 Old Footprint=chip_0805 New Footprint=chip_0805
Change Component Footprint: Designator=C27 Old Footprint=chip_1206 New Footprint=chip_1206
Change Component Footprint: Designator=C28 Old Footprint=chip_1206 New Footprint=chip_1206
Change Component Footprint: Designator=C32 Old Footprint=chip_1206 New Footprint=chip_1206
Change Component Footprint: Designator=C39 Old Footprint=chip_1206 New Footprint=chip_1206
Change Component Footprint: Designator=C40 Old Footprint=chip_1206 New Footprint=chip_1206
Change Component Footprint: Designator=C42 Old Footprint=chip_1206 New Footprint=chip_1206
Change Component Footprint: Designator=F1 Old Footprint=chip_1206 New Footprint=chip_1206
Change Component Footprint: Designator=F2 Old Footprint=chip_1206 New Footprint=chip_1206
Change Component Footprint: Designator=F3 Old Footprint=chip_1206 New Footprint=chip_1206
Change Component Footprint: Designator=F4 Old Footprint=chip_1206 New Footprint=chip_1206
Change Component Footprint: Designator=F5 Old Footprint=chip_1206 New Footprint=chip_1206
Added Pin To Net: NetName=LIMIT_LED_4 Pin=R18-2
Added Pin To Net: NetName=LIMIT_LED_3 Pin=R20-2
Added Pin To Net: NetName=LIMIT_LED_2 Pin=R21-2
Added Pin To Net: NetName=LIMIT_LED_1 Pin=R23-2
Added Pin To Net: NetName=LIMIT_SIG_4 Pin=R24-1
Added Pin To Net: NetName=LIMIT_SIG_3 Pin=R25-1
Added Pin To Net: NetName=LIMIT_SIG_2 Pin=R26-1
Added Pin To Net: NetName=LIMIT_SIG_1 Pin=R27-1
Added Pin To Net: NetName=LIMIT_SIG_1 Pin=U11-9
Added Pin To Net: NetName=LIMIT_SIG_2 Pin=U11-11
Added Pin To Net: NetName=LIMIT_SIG_3 Pin=U11-13
Added Pin To Net: NetName=LIMIT_SIG_4 Pin=U11-15
