Removed Pin From Net: NetName=24V_PRESENT Pin=R33-1
Removed Pin From Net: NetName=NetR30_1 Pin=U13-7
Removed Pin From Net: NetName=SYS_GND Pin=U13-8
Removed Pin From Net: NetName=24V_PRESENT Pin=U13-9
Added Component: Designator=R43(chip_0603)
Add component. Clean all parameters for all variants
Add component (AddParameter): Name = "Manufacturer"; Value = "Panasonic"; VariantName = "[No Variations]"
Add component (AddParameter): Name = "Manufacturer PN"; Value = "ERJ-PA3F4700V"; VariantName = "[No Variations]"
Add component (AddParameter): Name = "Part Number"; Value = "RES-00236"; VariantName = "[No Variations]"
Add component (AddParameter): Name = "Power Rating"; Value = "0.25W"; VariantName = "[No Variations]"
Add component (AddParameter): Name = "Resistance"; Value = "470"; VariantName = "[No Variations]"
Add component (AddParameter): Name = "Tolerance"; Value = "1%"; VariantName = "[No Variations]"
Added Component: Designator=R44(chip_0603)
Add component. Clean all parameters for all variants
Add component (AddParameter): Name = "Manufacturer"; Value = "Panasonic"; VariantName = "[No Variations]"
Add component (AddParameter): Name = "Manufacturer PN"; Value = "ERJ-PA3F4700V"; VariantName = "[No Variations]"
Add component (AddParameter): Name = "Part Number"; Value = "RES-00236"; VariantName = "[No Variations]"
Add component (AddParameter): Name = "Power Rating"; Value = "0.25W"; VariantName = "[No Variations]"
Add component (AddParameter): Name = "Resistance"; Value = "470"; VariantName = "[No Variations]"
Add component (AddParameter): Name = "Tolerance"; Value = "1%"; VariantName = "[No Variations]"
Added Component: Designator=R45(chip_0603)
Add component. Clean all parameters for all variants
Add component (AddParameter): Name = "Cost"; Value = "0.144"; VariantName = "[No Variations]"
Add component (AddParameter): Name = "Manufacturer"; Value = "Panasonic"; VariantName = "[No Variations]"
Add component (AddParameter): Name = "Manufacturer PN"; Value = "ERJ-PA3F1002V"; VariantName = "[No Variations]"
Add component (AddParameter): Name = "Part Number"; Value = "RES-00306"; VariantName = "[No Variations]"
Add component (AddParameter): Name = "Power Rating"; Value = "0.25W"; VariantName = "[No Variations]"
Add component (AddParameter): Name = "Resistance"; Value = "10k"; VariantName = "[No Variations]"
Add component (AddParameter): Name = "Tolerance"; Value = "1%"; VariantName = "[No Variations]"
Added Component: Designator=R46(chip_0603)
Add component. Clean all parameters for all variants
Add component (AddParameter): Name = "Cost"; Value = "0.144"; VariantName = "[No Variations]"
Add component (AddParameter): Name = "Manufacturer"; Value = "Panasonic"; VariantName = "[No Variations]"
Add component (AddParameter): Name = "Manufacturer PN"; Value = "ERJ-PA3F1002V"; VariantName = "[No Variations]"
Add component (AddParameter): Name = "Part Number"; Value = "RES-00306"; VariantName = "[No Variations]"
Add component (AddParameter): Name = "Power Rating"; Value = "0.25W"; VariantName = "[No Variations]"
Add component (AddParameter): Name = "Resistance"; Value = "10k"; VariantName = "[No Variations]"
Add component (AddParameter): Name = "Tolerance"; Value = "1%"; VariantName = "[No Variations]"
Added Component: Designator=U18(SO-4)
Add component. Clean all parameters for all variants
Add component (AddParameter): Name = "Cost"; Value = "0.45"; VariantName = "[No Variations]"
Add component (AddParameter): Name = "Manufacturer"; Value = "Toshiba"; VariantName = "[No Variations]"
Add component (AddParameter): Name = "Manufacturer PN"; Value = "TLP291(SE"; VariantName = "[No Variations]"
Add component (AddParameter): Name = "Part Number"; Value = "ANLG-00049"; VariantName = "[No Variations]"
Added Pin To Net: NetName=DGND Pin=R45-2
Added Pin To Net: NetName=24V_PRESENT Pin=R46-1
Added Pin To Net: NetName=DGND Pin=R46-2
Added Pin To Net: NetName=+5VO Pin=U13-5
Added Pin To Net: NetName=+5VO Pin=U13-7
Added Pin To Net: NetName=3V3 Pin=U13-12
Added Pin To Net: NetName=NetR30_1 Pin=U18-1
Added Pin To Net: NetName=SYS_GND Pin=U18-2
Added Pin To Net: NetName=24V_PRESENT Pin=U18-3
Added Pin To Net: NetName=3V3 Pin=U18-4
Added Pin To Net: NetName=NetR43_1 Pin=R43-1
Added Pin To Net: NetName=NetR43_1 Pin=U13-6
Added Net: Name=NetR43_1
Added Pin To Net: NetName=NetR44_1 Pin=R44-1
Added Pin To Net: NetName=NetR44_1 Pin=U13-8
Added Net: Name=NetR44_1
Added Pin To Net: NetName=SPARE_1 Pin=R45-1
Added Pin To Net: NetName=SPARE_1 Pin=U8-18
Added Pin To Net: NetName=SPARE_1 Pin=U13-11
Added Net: Name=SPARE_1
Added Pin To Net: NetName=SPARE_2 Pin=R33-1
Added Pin To Net: NetName=SPARE_2 Pin=U8-27
Added Pin To Net: NetName=SPARE_2 Pin=U13-9
Added Net: Name=SPARE_2
Added Pin To Net: NetName=SPARE_LED_1 Pin=P3-12
Added Pin To Net: NetName=SPARE_LED_1 Pin=R43-2
Added Net: Name=SPARE_LED_1
Added Pin To Net: NetName=SPARE_LED_2 Pin=P3-13
Added Pin To Net: NetName=SPARE_LED_2 Pin=R44-2
Added Net: Name=SPARE_LED_2
Added Member To Class: ClassName=IO_SCH3 Member=Component R43 res_single
Added Member To Class: ClassName=IO_SCH3 Member=Component R44 res_single
Added Member To Class: ClassName=IO_SCH3 Member=Component R45 res_single
Added Member To Class: ClassName=IO_SCH3 Member=Component R46 res_single
Added Member To Class: ClassName=IO_SCH3 Member=Component U18 opto_0
