CAMtasticDXP Drill Report
Serial Number:0000-00-00000
Drill File: D:\adam\Documents\CWRU\CWRUbotix\NASA_RMC\2019-20\Hardware Controller\Altium\Project Outputs for Hardware_Controller_2019-20\drills.drl
Format: 2.3
Units: English (Inch)
Step & Repeat Codes Used: NO


TOOL		SIZE		COUNT
====		======		=====

 1 		0.0300		6
 2 		0.1200		8
 3 		0.0470		36
 4 		0.0413		6
 5 		0.0400		104
 6 		0.0512		2
 7 		0.0709		3
 8 		0.0400		6
 9 		0.0433		4
 10 		0.0429		9
 11 		0.1201		2
 12 		0.1654		4
 13 		0.0157		100
 14 		0.0118		133
 15 		0.0120		8
